<?xml version="1.0" encoding="UTF-8"?>
<testng-results ignored="0" total="2" passed="2" failed="0" skipped="0">
  <reporter-output>
  </reporter-output>
  <suite started-at="2021-12-13T12:19:11 IST" name="Command line suite" finished-at="2021-12-13T12:19:21 IST" duration-ms="10556">
    <groups>
    </groups>
    <test started-at="2021-12-13T12:19:11 IST" name="Command line test" finished-at="2021-12-13T12:19:21 IST" duration-ms="10556">
      <class name="com.knoldus.Test1">
        <test-method is-config="true" signature="setUp()[pri:0, instance:com.knoldus.Test1@394fb736]" started-at="2021-12-13T12:19:11 IST" name="setUp" finished-at="2021-12-13T12:19:20 IST" duration-ms="9006" status="PASS">
          <reporter-output>
          </reporter-output>
        </test-method> <!-- setUp -->
        <test-method signature="login()[pri:1, instance:com.knoldus.Test1@394fb736]" started-at="2021-12-13T12:19:20 IST" name="login" finished-at="2021-12-13T12:19:21 IST" duration-ms="1184" status="PASS">
          <reporter-output>
          </reporter-output>
        </test-method> <!-- login -->
        <test-method signature="login()[pri:1, instance:com.knoldus.Test1@394fb736]" started-at="2021-12-13T12:19:21 IST" name="login" finished-at="2021-12-13T12:19:21 IST" duration-ms="231" status="PASS">
          <reporter-output>
          </reporter-output>
        </test-method> <!-- login -->
      </class> <!-- com.knoldus.Test1 -->
    </test> <!-- Command line test -->
  </suite> <!-- Command line suite -->
</testng-results>
